0 verbose cli C:\Program Files\nodejs\node.exe C:\Users\user\AppData\Roaming\npm\node_modules\npm\bin\npm-cli.js
1 info using npm@11.6.4
2 info using node@v22.17.0
3 silly config load:file:C:\Users\user\AppData\Roaming\npm\node_modules\npm\npmrc
4 silly config load:file:H:\WebDev\Mune\backend\.npmrc
5 silly config load:file:C:\Users\user\.npmrc
6 silly config load:file:C:\Users\user\AppData\Roaming\npm\etc\npmrc
7 verbose title npm exec migrate dev
8 verbose argv "exec" "--" "migrate" "dev"
9 verbose logfile logs-max:10 dir:H:\WebDev\Mune\backend\.npm-cache\_logs\2026-01-12T05_32_39_661Z-
10 verbose logfile H:\WebDev\Mune\backend\.npm-cache\_logs\2026-01-12T05_32_39_661Z-debug-0.log
11 silly logfile start cleaning logs, removing 1 files
12 silly logfile done cleaning log files
13 silly packumentCache heap:2197815296 maxSize:549453824 maxEntrySize:274726912
14 http fetch GET 200 https://registry.npmjs.org/migrate 1156ms (cache miss)
15 silly packumentCache heap:2197815296 maxSize:549453824 maxEntrySize:274726912
16 silly packumentCache heap:2197815296 maxSize:549453824 maxEntrySize:274726912
17 verbose stack Error: canceled
17 verbose stack     at exec (C:\Users\user\AppData\Roaming\npm\node_modules\npm\node_modules\libnpmexec\lib\index.js:291:19)
17 verbose stack     at process.processTicksAndRejections (node:internal/process/task_queues:105:5)
17 verbose stack     at async Npm.exec (C:\Users\user\AppData\Roaming\npm\node_modules\npm\lib\npm.js:208:9)
17 verbose stack     at async module.exports (C:\Users\user\AppData\Roaming\npm\node_modules\npm\lib\cli\entry.js:67:5)
18 error canceled
19 verbose cwd H:\WebDev\Mune\backend
20 verbose os Windows_NT 10.0.19045
21 verbose node v22.17.0
22 verbose npm  v11.6.4
23 verbose exit 1
24 verbose code 1
25 error A complete log of this run can be found in: H:\WebDev\Mune\backend\.npm-cache\_logs\2026-01-12T05_32_39_661Z-debug-0.log
