0 verbose cli C:\Program Files\nodejs\node.exe C:\Users\user\AppData\Roaming\npm\node_modules\npm\bin\npm-cli.js
1 info using npm@11.6.4
2 info using node@v22.17.0
3 silly config load:file:C:\Users\user\AppData\Roaming\npm\node_modules\npm\npmrc
4 silly config load:file:h:\WebDev\Mune\backend\.npmrc
5 silly config load:file:C:\Users\user\.npmrc
6 silly config load:file:C:\Users\user\AppData\Roaming\npm\etc\npmrc
7 verbose title npm install
8 verbose argv "install" "--package-lock-only"
9 verbose logfile logs-max:10 dir:H:\WebDev\Mune\backend\.npm-cache\_logs\2026-01-15T08_24_07_804Z-
10 verbose logfile H:\WebDev\Mune\backend\.npm-cache\_logs\2026-01-15T08_24_07_804Z-debug-0.log
11 silly logfile start cleaning logs, removing 1 files
12 silly packumentCache heap:2197815296 maxSize:549453824 maxEntrySize:274726912
13 silly logfile done cleaning log files
14 silly idealTree buildDeps
15 silly audit bulk request {
15 silly audit   '@prisma/client': [ '5.14.0' ],
15 silly audit   '@prisma/debug': [ '5.14.0' ],
15 silly audit   '@prisma/engines': [ '5.14.0' ],
15 silly audit   '@prisma/engines-version': [ '5.14.0-25.e9771e62de70f79a5e1c604a2d7c8e2a0a874b48' ],
15 silly audit   '@prisma/fetch-engine': [ '5.14.0' ],
15 silly audit   '@prisma/get-platform': [ '5.14.0' ],
15 silly audit   accepts: [ '2.0.0' ],
15 silly audit   anymatch: [ '3.1.3' ],
15 silly audit   'balanced-match': [ '1.0.2' ],
15 silly audit   bcrypt: [ '6.0.0' ],
15 silly audit   'binary-extensions': [ '2.3.0' ],
15 silly audit   'body-parser': [ '2.2.2' ],
15 silly audit   'brace-expansion': [ '1.1.12' ],
15 silly audit   braces: [ '3.0.3' ],
15 silly audit   'buffer-equal-constant-time': [ '1.0.1' ],
15 silly audit   bytes: [ '3.1.2' ],
15 silly audit   'call-bind-apply-helpers': [ '1.0.2' ],
15 silly audit   'call-bound': [ '1.0.4' ],
15 silly audit   chokidar: [ '3.6.0' ],
15 silly audit   'concat-map': [ '0.0.1' ],
15 silly audit   'content-disposition': [ '1.0.1' ],
15 silly audit   'content-type': [ '1.0.5' ],
15 silly audit   cookie: [ '0.7.2' ],
15 silly audit   'cookie-signature': [ '1.2.2' ],
15 silly audit   cors: [ '2.8.5' ],
15 silly audit   debug: [ '4.4.3' ],
15 silly audit   depd: [ '2.0.0' ],
15 silly audit   dotenv: [ '17.2.3' ],
15 silly audit   'dunder-proto': [ '1.0.1' ],
15 silly audit   'ecdsa-sig-formatter': [ '1.0.11' ],
15 silly audit   'ee-first': [ '1.1.1' ],
15 silly audit   encodeurl: [ '2.0.0' ],
15 silly audit   'es-define-property': [ '1.0.1' ],
15 silly audit   'es-errors': [ '1.3.0' ],
15 silly audit   'es-object-atoms': [ '1.1.1' ],
15 silly audit   'escape-html': [ '1.0.3' ],
15 silly audit   etag: [ '1.8.1' ],
15 silly audit   express: [ '5.2.1' ],
15 silly audit   'fill-range': [ '7.1.1' ],
15 silly audit   finalhandler: [ '2.1.1' ],
15 silly audit   forwarded: [ '0.2.0' ],
15 silly audit   fresh: [ '2.0.0' ],
15 silly audit   fsevents: [ '2.3.3' ],
15 silly audit   'function-bind': [ '1.1.2' ],
15 silly audit   'get-intrinsic': [ '1.3.0' ],
15 silly audit   'get-proto': [ '1.0.1' ],
15 silly audit   'glob-parent': [ '5.1.2' ],
15 silly audit   gopd: [ '1.2.0' ],
15 silly audit   'has-flag': [ '3.0.0' ],
15 silly audit   'has-symbols': [ '1.1.0' ],
15 silly audit   hasown: [ '2.0.2' ],
15 silly audit   'http-errors': [ '2.0.1' ],
15 silly audit   'iconv-lite': [ '0.7.2' ],
15 silly audit   'ignore-by-default': [ '1.0.1' ],
15 silly audit   inherits: [ '2.0.4' ],
15 silly audit   'ipaddr.js': [ '1.9.1' ],
15 silly audit   'is-binary-path': [ '2.1.0' ],
15 silly audit   'is-extglob': [ '2.1.1' ],
15 silly audit   'is-glob': [ '4.0.3' ],
15 silly audit   'is-number': [ '7.0.0' ],
15 silly audit   'is-promise': [ '4.0.0' ],
15 silly audit   jsonwebtoken: [ '9.0.3' ],
15 silly audit   jwa: [ '2.0.1' ],
15 silly audit   jws: [ '4.0.1' ],
15 silly audit   'lodash.includes': [ '4.3.0' ],
15 silly audit   'lodash.isboolean': [ '3.0.3' ],
15 silly audit   'lodash.isinteger': [ '4.0.4' ],
15 silly audit   'lodash.isnumber': [ '3.0.3' ],
15 silly audit   'lodash.isplainobject': [ '4.0.6' ],
15 silly audit   'lodash.isstring': [ '4.0.1' ],
15 silly audit   'lodash.once': [ '4.1.1' ],
15 silly audit   'math-intrinsics': [ '1.1.0' ],
15 silly audit   'media-typer': [ '1.1.0' ],
15 silly audit   'merge-descriptors': [ '2.0.0' ],
15 silly audit   'mime-db': [ '1.54.0' ],
15 silly audit   'mime-types': [ '3.0.2' ],
15 silly audit   minimatch: [ '3.1.2' ],
15 silly audit   ms: [ '2.1.3' ],
15 silly audit   negotiator: [ '1.0.0' ],
15 silly audit   'node-addon-api': [ '8.5.0' ],
15 silly audit   'node-gyp-build': [ '4.8.4' ],
15 silly audit   nodemon: [ '3.1.11' ],
15 silly audit   'normalize-path': [ '3.0.0' ],
15 silly audit   'object-assign': [ '4.1.1' ],
15 silly audit   'object-inspect': [ '1.13.4' ],
15 silly audit   'on-finished': [ '2.4.1' ],
15 silly audit   once: [ '1.4.0' ],
15 silly audit   parseurl: [ '1.3.3' ],
15 silly audit   'path-to-regexp': [ '8.3.0' ],
15 silly audit   picomatch: [ '2.3.1' ],
15 silly audit   prisma: [ '5.14.0' ],
15 silly audit   'proxy-addr': [ '2.0.7' ],
15 silly audit   'pstree.remy': [ '1.1.8' ],
15 silly audit   qs: [ '6.14.1' ],
15 silly audit   'range-parser': [ '1.2.1' ],
15 silly audit   'raw-body': [ '3.0.2' ],
15 silly audit   readdirp: [ '3.6.0' ],
15 silly audit   router: [ '2.2.0' ],
15 silly audit   'safe-buffer': [ '5.2.1' ],
15 silly audit   'safer-buffer': [ '2.1.2' ],
15 silly audit   semver: [ '7.7.3' ],
15 silly audit   send: [ '1.2.1' ],
15 silly audit   'serve-static': [ '2.2.1' ],
15 silly audit   setprototypeof: [ '1.2.0' ],
15 silly audit   'side-channel': [ '1.1.0' ],
15 silly audit   'side-channel-list': [ '1.0.0' ],
15 silly audit   'side-channel-map': [ '1.0.1' ],
15 silly audit   'side-channel-weakmap': [ '1.0.2' ],
15 silly audit   'simple-update-notifier': [ '2.0.0' ],
15 silly audit   statuses: [ '2.0.2' ],
15 silly audit   'supports-color': [ '5.5.0' ],
15 silly audit   'to-regex-range': [ '5.0.1' ],
15 silly audit   toidentifier: [ '1.0.1' ],
15 silly audit   touch: [ '3.1.1' ],
15 silly audit   'type-is': [ '2.0.1' ],
15 silly audit   undefsafe: [ '2.0.5' ],
15 silly audit   unpipe: [ '1.0.0' ],
15 silly audit   vary: [ '1.1.2' ],
15 silly audit   wrappy: [ '1.0.2' ]
15 silly audit }
16 http fetch POST 200 https://registry.npmjs.org/-/npm/v1/security/advisories/bulk 1240ms
17 silly audit report {}
18 verbose cwd h:\WebDev\Mune\backend
19 verbose os Windows_NT 10.0.19045
20 verbose node v22.17.0
21 verbose npm  v11.6.4
22 verbose exit 0
23 info ok
